<?xml version="1.0" encoding="UTF-8"?>
<testsuite name="com.marimbus.live365.Live365SearchStationTest" time="474.151" tests="45" errors="0" skipped="0" failures="0">
  <properties>
    <property name="java.runtime.name" value="Java(TM) SE Runtime Environment"/>
    <property name="sun.boot.library.path" value="C:\Program Files\Java\jdk1.7.0_51\jre\bin"/>
    <property name="java.vm.version" value="24.51-b03"/>
    <property name="java.vm.vendor" value="Oracle Corporation"/>
    <property name="java.vendor.url" value="http://java.oracle.com/"/>
    <property name="path.separator" value=";"/>
    <property name="guice.disable.misplaced.annotation.check" value="true"/>
    <property name="java.vm.name" value="Java HotSpot(TM) 64-Bit Server VM"/>
    <property name="file.encoding.pkg" value="sun.io"/>
    <property name="user.script" value=""/>
    <property name="user.country" value="US"/>
    <property name="sun.java.launcher" value="SUN_STANDARD"/>
    <property name="sun.os.patch.level" value="Service Pack 1"/>
    <property name="java.vm.specification.name" value="Java Virtual Machine Specification"/>
    <property name="user.dir" value="I:\workspace\Live365project"/>
    <property name="java.runtime.version" value="1.7.0_51-b13"/>
    <property name="java.awt.graphicsenv" value="sun.awt.Win32GraphicsEnvironment"/>
    <property name="java.endorsed.dirs" value="C:\Program Files\Java\jdk1.7.0_51\jre\lib\endorsed"/>
    <property name="os.arch" value="amd64"/>
    <property name="java.io.tmpdir" value="C:\Users\Alex\AppData\Local\Temp\"/>
    <property name="line.separator" value="&#10;"/>
    <property name="java.vm.specification.vendor" value="Oracle Corporation"/>
    <property name="user.variant" value=""/>
    <property name="os.name" value="Windows 7"/>
    <property name="classworlds.conf" value="I:\apache-maven-3.2.1\bin\m2.conf"/>
    <property name="sun.jnu.encoding" value="Cp1251"/>
    <property name="java.library.path" value="C:\Program Files\Java\jdk1.7.0_51\bin;C:\Windows\Sun\Java\bin;C:\Windows\system32;C:\Windows;C:\Windows\system32;C:\Windows;C:\Windows\System32\Wbem;C:\Windows\System32\WindowsPowerShell\v1.0\;I:\Android_Development_SDK_Eclipse\adt-bundle-windows-x86_64-20131030\sdk\platform-tools;I:\apache-ant-1.9.3\bin;C:\Program Files\Java\jdk1.7.0_51\bin;I:\apache-maven-3.2.1\bin;C:\Program Files (x86)\MySQL\MySQL Workbench CE 6.1.4;C:\Program Files (x86)\MySQL\MySQL Utilities 1.3.6\;."/>
    <property name="java.specification.name" value="Java Platform API Specification"/>
    <property name="java.class.version" value="51.0"/>
    <property name="sun.management.compiler" value="HotSpot 64-Bit Tiered Compilers"/>
    <property name="os.version" value="6.1"/>
    <property name="user.home" value="C:\Users\Alex"/>
    <property name="user.timezone" value="America/Los_Angeles"/>
    <property name="java.awt.printerjob" value="sun.awt.windows.WPrinterJob"/>
    <property name="java.specification.version" value="1.7"/>
    <property name="file.encoding" value="Cp1251"/>
    <property name="user.name" value="Alex"/>
    <property name="java.class.path" value="I:\apache-maven-3.2.1\boot\plexus-classworlds-2.5.1.jar"/>
    <property name="org.slf4j.simpleLogger.defaultLogLevel" value="info"/>
    <property name="java.vm.specification.version" value="1.7"/>
    <property name="sun.arch.data.model" value="64"/>
    <property name="java.home" value="C:\Program Files\Java\jdk1.7.0_51\jre"/>
    <property name="sun.java.command" value="org.codehaus.plexus.classworlds.launcher.Launcher test"/>
    <property name="java.specification.vendor" value="Oracle Corporation"/>
    <property name="user.language" value="en"/>
    <property name="awt.toolkit" value="sun.awt.windows.WToolkit"/>
    <property name="java.vm.info" value="mixed mode"/>
    <property name="java.version" value="1.7.0_51"/>
    <property name="java.ext.dirs" value="C:\Program Files\Java\jdk1.7.0_51\jre\lib\ext;C:\Windows\Sun\Java\lib\ext"/>
    <property name="sun.boot.class.path" value="C:\Program Files\Java\jdk1.7.0_51\jre\lib\resources.jar;C:\Program Files\Java\jdk1.7.0_51\jre\lib\rt.jar;C:\Program Files\Java\jdk1.7.0_51\jre\lib\sunrsasign.jar;C:\Program Files\Java\jdk1.7.0_51\jre\lib\jsse.jar;C:\Program Files\Java\jdk1.7.0_51\jre\lib\jce.jar;C:\Program Files\Java\jdk1.7.0_51\jre\lib\charsets.jar;C:\Program Files\Java\jdk1.7.0_51\jre\lib\jfr.jar;C:\Program Files\Java\jdk1.7.0_51\jre\classes"/>
    <property name="java.vendor" value="Oracle Corporation"/>
    <property name="maven.home" value="I:\apache-maven-3.2.1"/>
    <property name="file.separator" value="\"/>
    <property name="java.vendor.url.bug" value="http://bugreport.sun.com/bugreport/"/>
    <property name="sun.cpu.endian" value="little"/>
    <property name="sun.io.unicode.encoding" value="UnicodeLittle"/>
    <property name="sun.desktop" value="windows"/>
    <property name="sun.cpu.isalist" value="amd64"/>
  </properties>
  <testcase name="Test[0]" classname="com.marimbus.live365.Live365SearchStationTest" time="17.308"/>
  <testcase name="Test[1]" classname="com.marimbus.live365.Live365SearchStationTest" time="9.331"/>
  <testcase name="Test[2]" classname="com.marimbus.live365.Live365SearchStationTest" time="10.82"/>
  <testcase name="Test[3]" classname="com.marimbus.live365.Live365SearchStationTest" time="10.914"/>
  <testcase name="Test[4]" classname="com.marimbus.live365.Live365SearchStationTest" time="11.218"/>
  <testcase name="Test[5]" classname="com.marimbus.live365.Live365SearchStationTest" time="10.759"/>
  <testcase name="Test[6]" classname="com.marimbus.live365.Live365SearchStationTest" time="9.936"/>
  <testcase name="Test[7]" classname="com.marimbus.live365.Live365SearchStationTest" time="11.122"/>
  <testcase name="Test[8]" classname="com.marimbus.live365.Live365SearchStationTest" time="11.075"/>
  <testcase name="Test[9]" classname="com.marimbus.live365.Live365SearchStationTest" time="10.565"/>
  <testcase name="Test[10]" classname="com.marimbus.live365.Live365SearchStationTest" time="11.503"/>
  <testcase name="Test[11]" classname="com.marimbus.live365.Live365SearchStationTest" time="9.776"/>
  <testcase name="Test[12]" classname="com.marimbus.live365.Live365SearchStationTest" time="9.975"/>
  <testcase name="Test[13]" classname="com.marimbus.live365.Live365SearchStationTest" time="9.331"/>
  <testcase name="Test[14]" classname="com.marimbus.live365.Live365SearchStationTest" time="10.41"/>
  <testcase name="Test[15]" classname="com.marimbus.live365.Live365SearchStationTest" time="9.521"/>
  <testcase name="Test[16]" classname="com.marimbus.live365.Live365SearchStationTest" time="10.237"/>
  <testcase name="Test[17]" classname="com.marimbus.live365.Live365SearchStationTest" time="9.572"/>
  <testcase name="Test[18]" classname="com.marimbus.live365.Live365SearchStationTest" time="9.67"/>
  <testcase name="Test[19]" classname="com.marimbus.live365.Live365SearchStationTest" time="9.446"/>
  <testcase name="Test[20]" classname="com.marimbus.live365.Live365SearchStationTest" time="9.449"/>
  <testcase name="Test[21]" classname="com.marimbus.live365.Live365SearchStationTest" time="10.622"/>
  <testcase name="Test[22]" classname="com.marimbus.live365.Live365SearchStationTest" time="9.541"/>
  <testcase name="Test[23]" classname="com.marimbus.live365.Live365SearchStationTest" time="10.39"/>
  <testcase name="Test[24]" classname="com.marimbus.live365.Live365SearchStationTest" time="9.677"/>
  <testcase name="Test[25]" classname="com.marimbus.live365.Live365SearchStationTest" time="9.694"/>
  <testcase name="Test[26]" classname="com.marimbus.live365.Live365SearchStationTest" time="9.741"/>
  <testcase name="Test[27]" classname="com.marimbus.live365.Live365SearchStationTest" time="11.439"/>
  <testcase name="Test[28]" classname="com.marimbus.live365.Live365SearchStationTest" time="10.311"/>
  <testcase name="Test[29]" classname="com.marimbus.live365.Live365SearchStationTest" time="10.145"/>
  <testcase name="Test[30]" classname="com.marimbus.live365.Live365SearchStationTest" time="11.533"/>
  <testcase name="Test[31]" classname="com.marimbus.live365.Live365SearchStationTest" time="10.327"/>
  <testcase name="Test[32]" classname="com.marimbus.live365.Live365SearchStationTest" time="11.766"/>
  <testcase name="Test[33]" classname="com.marimbus.live365.Live365SearchStationTest" time="9.378"/>
  <testcase name="Test[34]" classname="com.marimbus.live365.Live365SearchStationTest" time="11.435"/>
  <testcase name="Test[35]" classname="com.marimbus.live365.Live365SearchStationTest" time="10.287"/>
  <testcase name="Test[36]" classname="com.marimbus.live365.Live365SearchStationTest" time="10.517"/>
  <testcase name="Test[37]" classname="com.marimbus.live365.Live365SearchStationTest" time="9.999"/>
  <testcase name="Test[38]" classname="com.marimbus.live365.Live365SearchStationTest" time="10.272"/>
  <testcase name="Test[39]" classname="com.marimbus.live365.Live365SearchStationTest" time="10.067"/>
  <testcase name="Test[40]" classname="com.marimbus.live365.Live365SearchStationTest" time="10.303"/>
  <testcase name="Test[41]" classname="com.marimbus.live365.Live365SearchStationTest" time="10.514"/>
  <testcase name="Test[42]" classname="com.marimbus.live365.Live365SearchStationTest" time="10.516"/>
  <testcase name="Test[43]" classname="com.marimbus.live365.Live365SearchStationTest" time="12.908"/>
  <testcase name="Test[44]" classname="com.marimbus.live365.Live365SearchStationTest" time="10.831"/>
</testsuite>